#
# There is insufficient memory for the Java Runtime Environment to continue.
# Native memory allocation (mmap) failed to map 60817408 bytes for G1 virtual space
# Possible reasons:
#   The system is out of physical RAM or swap space
#   The process is running with CompressedOops enabled, and the Java Heap may be blocking the growth of the native heap
# Possible solutions:
#   Reduce memory load on the system
#   Increase physical memory or swap space
#   Check if swap backing store is full
#   Decrease Java heap size (-Xmx/-Xms)
#   Decrease number of Java threads
#   Decrease Java thread stack sizes (-Xss)
#   Set larger code cache with -XX:ReservedCodeCacheSize=
#   JVM is running with Unscaled Compressed Oops mode in which the Java heap is
#     placed in the first 4GB address space. The Java Heap base address is the
#     maximum limit for the native heap growth. Please use -XX:HeapBaseMinAddress
#     to set the Java Heap base and to place the Java Heap above 4GB virtual address.
# This output file may be truncated or incomplete.
#
#  Out of Memory Error (os_windows.cpp:3530), pid=4468, tid=9296
#
# JRE version: OpenJDK Runtime Environment (18.0+36) (build 18+36-2087)
# Java VM: OpenJDK 64-Bit Server VM (18+36-2087, mixed mode, emulated-client, sharing, tiered, compressed oops, compressed class ptrs, g1 gc, windows-amd64)
# No core dump will be written. Minidumps are not enabled by default on client versions of Windows
#

---------------  S U M M A R Y ------------

Command Line: -XX:TieredStopAtLevel=1 -Xverify:none -Dspring.output.ansi.enabled=always -Dcom.sun.management.jmxremote -Dspring.jmx.enabled=true -Dspring.liveBeansView.mbeanDomain -Dspring.application.admin.enabled=true -javaagent:C:\Program Files\JetBrains\IntelliJ IDEA 2021.3.3\lib\idea_rt.jar=53593:C:\Program Files\JetBrains\IntelliJ IDEA 2021.3.3\bin -Dfile.encoding=UTF-8 org.sid.ebankingbackend.EbankingBackendApplication

Host: Intel(R) Core(TM) i5-7300U CPU @ 2.60GHz, 4 cores, 7G,  Windows 10 , 64 bit Build 19041 (10.0.19041.1706)
Time: Wed May 18 18:59:33 2022 Maroc (heure d64 bit Build 19041 (10.0.19041.1706) elapsed time: 83.032112 seconds (0d 0h 1m 23s)

---------------  T H R E A D  ---------------

Current thread (0x000001c64f2c2ae0):  VMThread "VM Thread" [stack: 0x0000008410700000,0x0000008410800000] [id=9296]

Stack: [0x0000008410700000,0x0000008410800000]
Native frames: (J=compiled Java code, j=interpreted, Vv=VM code, C=native code)
V  [jvm.dll+0x69804a]
V  [jvm.dll+0x7f308d]
V  [jvm.dll+0x7f499e]
V  [jvm.dll+0x7f5053]
V  [jvm.dll+0x25ca3f]
V  [jvm.dll+0x694f99]
V  [jvm.dll+0x689aca]
V  [jvm.dll+0x321efb]
V  [jvm.dll+0x3298d6]
V  [jvm.dll+0x37e47e]
V  [jvm.dll+0x37e6af]
V  [jvm.dll+0x2f9c7a]
V  [jvm.dll+0x2f9d27]
V  [jvm.dll+0x33e262]
V  [jvm.dll+0x33c804]
V  [jvm.dll+0x2f9450]
V  [jvm.dll+0x33bddb]
V  [jvm.dll+0x7f9e3b]
V  [jvm.dll+0x7fabd4]
V  [jvm.dll+0x7fb10c]
V  [jvm.dll+0x7fb564]
V  [jvm.dll+0x7fb627]
V  [jvm.dll+0x79fbba]
V  [jvm.dll+0x696ef5]
C  [ucrtbase.dll+0x21bb2]
C  [KERNEL32.DLL+0x17034]
C  [ntdll.dll+0x52651]

VM_Operation (0x0000008412bfc2e0): G1CollectForAllocation, mode: safepoint, requested by thread 0x000001c654e5ca20


---------------  P R O C E S S  ---------------

Threads class SMR info:
_java_thread_list=0x000001c65541a6b0, length=34, elements={
0x000001c64f2c6280, 0x000001c64f2c6ee0, 0x000001c64f2de7b0, 0x000001c64f2df410,
0x000001c64f2e3570, 0x000001c64f305070, 0x000001c64f305a10, 0x000001c64f30a1d0,
0x000001c64f2b0450, 0x000001c6538973a0, 0x000001c653897860, 0x000001c653a03560,
0x000001c654908bb0, 0x000001c6549c65a0, 0x000001c654e5b210, 0x000001c654e59ed0,
0x000001c654e5a3a0, 0x000001c654e5ad40, 0x000001c654e5a870, 0x000001c654e5c080,
0x000001c654e5b6e0, 0x000001c654e59060, 0x000001c654e59530, 0x000001c654e5c550,
0x000001c654e59a00, 0x000001c654e5ca20, 0x000001c65550f960, 0x000001c655511170,
0x000001c65550e620, 0x000001c65550eaf0, 0x000001c65550fe30, 0x000001c655511640,
0x000001c6555124b0, 0x000001c65550efc0
}

Java Threads: ( => current thread )
  0x000001c64f2c6280 JavaThread "Reference Handler" daemon [_thread_blocked, id=6768, stack(0x0000008410800000,0x0000008410900000)]
  0x000001c64f2c6ee0 JavaThread "Finalizer" daemon [_thread_blocked, id=17572, stack(0x0000008410900000,0x0000008410a00000)]
  0x000001c64f2de7b0 JavaThread "Signal Dispatcher" daemon [_thread_blocked, id=3716, stack(0x0000008410a00000,0x0000008410b00000)]
  0x000001c64f2df410 JavaThread "Attach Listener" daemon [_thread_blocked, id=9200, stack(0x0000008410b00000,0x0000008410c00000)]
  0x000001c64f2e3570 JavaThread "Service Thread" daemon [_thread_blocked, id=7480, stack(0x0000008410c00000,0x0000008410d00000)]
  0x000001c64f305070 JavaThread "Monitor Deflation Thread" daemon [_thread_blocked, id=17968, stack(0x0000008410d00000,0x0000008410e00000)]
  0x000001c64f305a10 JavaThread "C1 CompilerThread0" daemon [_thread_blocked, id=4552, stack(0x0000008410e00000,0x0000008410f00000)]
  0x000001c64f30a1d0 JavaThread "Sweeper thread" daemon [_thread_blocked, id=7524, stack(0x0000008410f00000,0x0000008411000000)]
  0x000001c64f2b0450 JavaThread "Common-Cleaner" daemon [_thread_blocked, id=7072, stack(0x0000008411000000,0x0000008411100000)]
  0x000001c6538973a0 JavaThread "Monitor Ctrl-Break" daemon [_thread_in_native, id=12768, stack(0x0000008411300000,0x0000008411400000)]
  0x000001c653897860 JavaThread "Notification Thread" daemon [_thread_blocked, id=10476, stack(0x0000008411400000,0x0000008411500000)]
  0x000001c653a03560 JavaThread "RMI TCP Accept-0" daemon [_thread_in_native, id=8184, stack(0x0000008411500000,0x0000008411600000)]
  0x000001c654908bb0 JavaThread "RMI TCP Connection(idle)" daemon [_thread_blocked, id=12776, stack(0x0000008411d00000,0x0000008411e00000)]
  0x000001c6549c65a0 JavaThread "RMI Scheduler(0)" daemon [_thread_blocked, id=3660, stack(0x0000008411e00000,0x0000008411f00000)]
  0x000001c654e5b210 JavaThread "HikariPool-1 housekeeper" daemon [_thread_blocked, id=1492, stack(0x0000008411f00000,0x0000008412000000)]
  0x000001c654e59ed0 JavaThread "Catalina-utility-1" [_thread_blocked, id=13164, stack(0x0000008412000000,0x0000008412100000)]
  0x000001c654e5a3a0 JavaThread "Catalina-utility-2" [_thread_blocked, id=16272, stack(0x0000008412100000,0x0000008412200000)]
  0x000001c654e5ad40 JavaThread "container-0" [_thread_blocked, id=8092, stack(0x0000008412300000,0x0000008412400000)]
  0x000001c654e5a870 JavaThread "File Watcher" daemon [_thread_blocked, id=1964, stack(0x0000008412400000,0x0000008412500000)]
  0x000001c654e5c080 JavaThread "Live Reload Server" daemon [_thread_in_native, id=16696, stack(0x0000008412600000,0x0000008412700000)]
  0x000001c654e5b6e0 JavaThread "http-nio-8085-exec-1" daemon [_thread_blocked, id=1624, stack(0x0000008412500000,0x0000008412600000)]
  0x000001c654e59060 JavaThread "http-nio-8085-exec-2" daemon [_thread_blocked, id=12444, stack(0x0000008412700000,0x0000008412800000)]
  0x000001c654e59530 JavaThread "http-nio-8085-exec-3" daemon [_thread_blocked, id=10052, stack(0x0000008412800000,0x0000008412900000)]
  0x000001c654e5c550 JavaThread "http-nio-8085-exec-4" daemon [_thread_blocked, id=4644, stack(0x0000008412900000,0x0000008412a00000)]
  0x000001c654e59a00 JavaThread "http-nio-8085-exec-5" daemon [_thread_blocked, id=17396, stack(0x0000008412a00000,0x0000008412b00000)]
  0x000001c654e5ca20 JavaThread "http-nio-8085-exec-6" daemon [_thread_blocked, id=18112, stack(0x0000008412b00000,0x0000008412c00000)]
  0x000001c65550f960 JavaThread "http-nio-8085-exec-7" daemon [_thread_blocked, id=5260, stack(0x0000008412c00000,0x0000008412d00000)]
  0x000001c655511170 JavaThread "http-nio-8085-exec-8" daemon [_thread_blocked, id=6752, stack(0x0000008412d00000,0x0000008412e00000)]
  0x000001c65550e620 JavaThread "http-nio-8085-exec-9" daemon [_thread_blocked, id=12356, stack(0x0000008412e00000,0x0000008412f00000)]
  0x000001c65550eaf0 JavaThread "http-nio-8085-exec-10" daemon [_thread_blocked, id=16560, stack(0x0000008412f00000,0x0000008413000000)]
  0x000001c65550fe30 JavaThread "http-nio-8085-Poller" daemon [_thread_in_native, id=16976, stack(0x0000008413000000,0x0000008413100000)]
  0x000001c655511640 JavaThread "http-nio-8085-Acceptor" daemon [_thread_in_native, id=15628, stack(0x0000008413100000,0x0000008413200000)]
  0x000001c6555124b0 JavaThread "DestroyJavaVM" [_thread_blocked, id=18108, stack(0x0000008410100000,0x0000008410200000)]
  0x000001c65550efc0 JavaThread "RMI TCP Connection(idle)" daemon [_thread_blocked, id=6152, stack(0x0000008411c00000,0x0000008411d00000)]

Other Threads:
=>0x000001c64f2c2ae0 VMThread "VM Thread" [stack: 0x0000008410700000,0x0000008410800000] [id=9296]
  0x000001c6539fcf20 WatcherThread "VM Periodic Task Thread" [stack: 0x0000008411600000,0x0000008411700000] [id=14732]
  0x000001c63bd1c900 WorkerThread "GC Thread#0" [stack: 0x0000008410200000,0x0000008410300000] [id=10108]
  0x000001c653bbe360 WorkerThread "GC Thread#1" [stack: 0x0000008411700000,0x0000008411800000] [id=12676]
  0x000001c653bf93c0 WorkerThread "GC Thread#2" [stack: 0x0000008411800000,0x0000008411900000] [id=9512]
  0x000001c653c15a50 WorkerThread "GC Thread#3" [stack: 0x0000008411900000,0x0000008411a00000] [id=10608]
  0x000001c63bd2d280 ConcurrentGCThread "G1 Main Marker" [stack: 0x0000008410300000,0x0000008410400000] [id=14072]
  0x000001c63bd2dc70 WorkerThread "G1 Conc#0" [stack: 0x0000008410400000,0x0000008410500000] [id=16248]
  0x000001c63bd6b640 ConcurrentGCThread "G1 Refine#0" [stack: 0x0000008410500000,0x0000008410600000] [id=1816]
  0x000001c653c15cf0 ConcurrentGCThread "G1 Refine#1" [stack: 0x0000008411a00000,0x0000008411b00000] [id=7272]
  0x000001c63bd6bf50 ConcurrentGCThread "G1 Service" [stack: 0x0000008410600000,0x0000008410700000] [id=9496]

Threads with active compile tasks:

VM state: at safepoint (normal execution)

VM Mutex/Monitor currently owned by a thread:  ([mutex/lock_event])
[0x000001c63bcbd8e0] Threads_lock - owner thread: 0x000001c64f2c2ae0
[0x000001c63bcbe810] Heap_lock - owner thread: 0x000001c654e5ca20

Heap address: 0x0000000082600000, size: 2010 MB, Compressed Oops mode: 32-bit

CDS archive(s) mapped at: [0x0000000800000000-0x0000000800b90000-0x0000000800b90000), size 12124160, SharedBaseAddress: 0x0000000800000000, ArchiveRelocationMode: 0.
Compressed class space mapped at: 0x0000000800c00000-0x0000000840c00000, reserved size: 1073741824
Narrow klass base: 0x0000000800000000, Narrow klass shift: 0, Narrow klass range: 0x100000000

GC Precious Log:
 CardTable entry size: 512
 Card Set container configuration: InlinePtr #cards 5 size 8 Array Of Cards #cards 12 size 40 Howl #buckets 4 coarsen threshold 1843 Howl Bitmap #cards 512 size 80 coarsen threshold 460 Card regions per heap region 1 cards per card region 2048
 CPUs: 4 total, 4 available
 Memory: 8038M
 Large Page Support: Disabled
 NUMA Support: Disabled
 Compressed Oops: Enabled (32-bit)
 Heap Region Size: 1M
 Heap Min Capacity: 8M
 Heap Initial Capacity: 126M
 Heap Max Capacity: 2010M
 Pre-touch: Disabled
 Parallel Workers: 4
 Concurrent Workers: 1
 Concurrent Refinement Workers: 4
 Periodic GC: Disabled

Heap:
 garbage-first heap   total 65536K, used 22629K [0x0000000082600000, 0x0000000100000000)
  region size 1024K, 3 young (3072K), 3 survivors (3072K)
 Metaspace       used 44557K, committed 45056K, reserved 1114112K
  class space    used 6024K, committed 6272K, reserved 1048576K

Heap Regions: E=young(eden), S=young(survivor), O=old, HS=humongous(starts), HC=humongous(continues), CS=collection set, F=free, OA=open archive, CA=closed archive, TAMS=top-at-mark-start (previous, next)
|   0|0x0000000082600000, 0x0000000082700000, 0x0000000082700000|100%|HS|  |TAMS 0x0000000082700000, 0x0000000082600000| Complete 
|   1|0x0000000082700000, 0x0000000082800000, 0x0000000082800000|100%| O|  |TAMS 0x0000000082800000, 0x0000000082700000| Untracked 
|   2|0x0000000082800000, 0x0000000082900000, 0x0000000082900000|100%| O|  |TAMS 0x0000000082900000, 0x0000000082800000| Untracked 
|   3|0x0000000082900000, 0x0000000082a00000, 0x0000000082a00000|100%| O|  |TAMS 0x0000000082a00000, 0x0000000082900000| Untracked 
|   4|0x0000000082a00000, 0x0000000082b00000, 0x0000000082b00000|100%| O|  |TAMS 0x0000000082b00000, 0x0000000082a00000| Untracked 
|   5|0x0000000082b00000, 0x0000000082c00000, 0x0000000082c00000|100%| O|  |TAMS 0x0000000082c00000, 0x0000000082b00000| Untracked 
|   6|0x0000000082c00000, 0x0000000082d00000, 0x0000000082d00000|100%| O|  |TAMS 0x0000000082c00000, 0x0000000082c00000| Untracked 
|   7|0x0000000082d00000, 0x0000000082d00000, 0x0000000082e00000|  0%| F|  |TAMS 0x0000000082d00000, 0x0000000082d00000| Untracked 
|   8|0x0000000082e00000, 0x0000000082f00000, 0x0000000082f00000|100%| O|  |TAMS 0x0000000082f00000, 0x0000000082e00000| Untracked 
|   9|0x0000000082f00000, 0x0000000083000000, 0x0000000083000000|100%| O|  |TAMS 0x0000000083000000, 0x0000000082f00000| Untracked 
|  10|0x0000000083000000, 0x0000000083100000, 0x0000000083100000|100%| O|  |TAMS 0x0000000083100000, 0x0000000083000000| Untracked 
|  11|0x0000000083100000, 0x0000000083200000, 0x0000000083200000|100%| O|  |TAMS 0x0000000083200000, 0x0000000083100000| Untracked 
|  12|0x0000000083200000, 0x0000000083300000, 0x0000000083300000|100%| O|  |TAMS 0x0000000083300000, 0x0000000083200000| Untracked 
|  13|0x0000000083300000, 0x0000000083400000, 0x0000000083400000|100%| O|  |TAMS 0x0000000083400000, 0x0000000083300000| Untracked 
|  14|0x0000000083400000, 0x0000000083500000, 0x0000000083500000|100%| O|  |TAMS 0x0000000083500000, 0x0000000083400000| Untracked 
|  15|0x0000000083500000, 0x0000000083600000, 0x0000000083600000|100%| O|  |TAMS 0x00000000835b7800, 0x0000000083500000| Untracked 
|  16|0x0000000083600000, 0x0000000083700000, 0x0000000083700000|100%| O|  |TAMS 0x0000000083600000, 0x0000000083600000| Untracked 
|  17|0x0000000083700000, 0x0000000083800000, 0x0000000083800000|100%| O|  |TAMS 0x0000000083700000, 0x0000000083700000| Untracked 
|  18|0x0000000083800000, 0x0000000083896400, 0x0000000083900000| 58%| O|  |TAMS 0x0000000083800000, 0x0000000083800000| Untracked 
|  19|0x0000000083900000, 0x0000000083900000, 0x0000000083a00000|  0%| F|  |TAMS 0x0000000083900000, 0x0000000083900000| Untracked 
|  20|0x0000000083a00000, 0x0000000083a00000, 0x0000000083b00000|  0%| F|  |TAMS 0x0000000083a00000, 0x0000000083a00000| Untracked 
|  21|0x0000000083b00000, 0x0000000083b00000, 0x0000000083c00000|  0%| F|  |TAMS 0x0000000083b00000, 0x0000000083b00000| Untracked 
|  22|0x0000000083c00000, 0x0000000083c00000, 0x0000000083d00000|  0%| F|  |TAMS 0x0000000083c00000, 0x0000000083c00000| Untracked 
|  23|0x0000000083d00000, 0x0000000083d00000, 0x0000000083e00000|  0%| F|  |TAMS 0x0000000083d00000, 0x0000000083d00000| Untracked 
|  24|0x0000000083e00000, 0x0000000083e00000, 0x0000000083f00000|  0%| F|  |TAMS 0x0000000083e00000, 0x0000000083e00000| Untracked 
|  25|0x0000000083f00000, 0x0000000083f00000, 0x0000000084000000|  0%| F|  |TAMS 0x0000000083f00000, 0x0000000083f00000| Untracked 
|  26|0x0000000084000000, 0x0000000084000000, 0x0000000084100000|  0%| F|  |TAMS 0x0000000084000000, 0x0000000084000000| Untracked 
|  27|0x0000000084100000, 0x0000000084100000, 0x0000000084200000|  0%| F|  |TAMS 0x0000000084100000, 0x0000000084100000| Untracked 
|  28|0x0000000084200000, 0x0000000084200000, 0x0000000084300000|  0%| F|  |TAMS 0x0000000084200000, 0x0000000084200000| Untracked 
|  29|0x0000000084300000, 0x00000000843832e8, 0x0000000084400000| 51%| S|CS|TAMS 0x0000000084300000, 0x0000000084300000| Complete 
|  30|0x0000000084400000, 0x0000000084500000, 0x0000000084500000|100%| S|CS|TAMS 0x0000000084400000, 0x0000000084400000| Complete 
|  31|0x0000000084500000, 0x0000000084600000, 0x0000000084600000|100%| S|CS|TAMS 0x0000000084500000, 0x0000000084500000| Complete 
|  32|0x0000000084600000, 0x0000000084600000, 0x0000000084700000|  0%| F|  |TAMS 0x0000000084600000, 0x0000000084600000| Untracked 
|  33|0x0000000084700000, 0x0000000084700000, 0x0000000084800000|  0%| F|  |TAMS 0x0000000084700000, 0x0000000084700000| Untracked 
|  34|0x0000000084800000, 0x0000000084800000, 0x0000000084900000|  0%| F|  |TAMS 0x0000000084800000, 0x0000000084800000| Untracked 
|  35|0x0000000084900000, 0x0000000084900000, 0x0000000084a00000|  0%| F|  |TAMS 0x0000000084900000, 0x0000000084900000| Untracked 
|  36|0x0000000084a00000, 0x0000000084a00000, 0x0000000084b00000|  0%| F|  |TAMS 0x0000000084a00000, 0x0000000084a00000| Untracked 
|  37|0x0000000084b00000, 0x0000000084b00000, 0x0000000084c00000|  0%| F|  |TAMS 0x0000000084b00000, 0x0000000084b00000| Untracked 
|  38|0x0000000084c00000, 0x0000000084c00000, 0x0000000084d00000|  0%| F|  |TAMS 0x0000000084c00000, 0x0000000084c00000| Untracked 
|  39|0x0000000084d00000, 0x0000000084d00000, 0x0000000084e00000|  0%| F|  |TAMS 0x0000000084d00000, 0x0000000084d00000| Untracked 
|  40|0x0000000084e00000, 0x0000000084e00000, 0x0000000084f00000|  0%| F|  |TAMS 0x0000000084e00000, 0x0000000084e00000| Untracked 
|  41|0x0000000084f00000, 0x0000000084f00000, 0x0000000085000000|  0%| F|  |TAMS 0x0000000084f00000, 0x0000000084f00000| Untracked 
|  42|0x0000000085000000, 0x0000000085000000, 0x0000000085100000|  0%| F|  |TAMS 0x0000000085000000, 0x0000000085000000| Untracked 
|  43|0x0000000085100000, 0x0000000085100000, 0x0000000085200000|  0%| F|  |TAMS 0x0000000085100000, 0x0000000085100000| Untracked 
|  44|0x0000000085200000, 0x0000000085200000, 0x0000000085300000|  0%| F|  |TAMS 0x0000000085200000, 0x0000000085200000| Untracked 
|  45|0x0000000085300000, 0x0000000085300000, 0x0000000085400000|  0%| F|  |TAMS 0x0000000085300000, 0x0000000085300000| Untracked 
|  46|0x0000000085400000, 0x0000000085400000, 0x0000000085500000|  0%| F|  |TAMS 0x0000000085400000, 0x0000000085400000| Untracked 
|  47|0x0000000085500000, 0x0000000085500000, 0x0000000085600000|  0%| F|  |TAMS 0x0000000085500000, 0x0000000085500000| Untracked 
|  48|0x0000000085600000, 0x0000000085600000, 0x0000000085700000|  0%| F|  |TAMS 0x0000000085600000, 0x0000000085600000| Untracked 
|  49|0x0000000085700000, 0x0000000085700000, 0x0000000085800000|  0%| F|  |TAMS 0x0000000085700000, 0x0000000085700000| Untracked 
|  50|0x0000000085800000, 0x0000000085800000, 0x0000000085900000|  0%| F|  |TAMS 0x0000000085800000, 0x0000000085800000| Untracked 
|  51|0x0000000085900000, 0x0000000085900000, 0x0000000085a00000|  0%| F|  |TAMS 0x0000000085900000, 0x0000000085900000| Untracked 
|  52|0x0000000085a00000, 0x0000000085a00000, 0x0000000085b00000|  0%| F|  |TAMS 0x0000000085a00000, 0x0000000085a00000| Untracked 
|  53|0x0000000085b00000, 0x0000000085b00000, 0x0000000085c00000|  0%| F|  |TAMS 0x0000000085b00000, 0x0000000085b00000| Untracked 
|  54|0x0000000085c00000, 0x0000000085c00000, 0x0000000085d00000|  0%| F|  |TAMS 0x0000000085c00000, 0x0000000085c00000| Untracked 
|  55|0x0000000085d00000, 0x0000000085d00000, 0x0000000085e00000|  0%| F|  |TAMS 0x0000000085d00000, 0x0000000085d00000| Untracked 
|  56|0x0000000085e00000, 0x0000000085e00000, 0x0000000085f00000|  0%| F|  |TAMS 0x0000000085e00000, 0x0000000085e00000| Untracked 
|  57|0x0000000085f00000, 0x0000000085f00000, 0x0000000086000000|  0%| F|  |TAMS 0x0000000085f00000, 0x0000000085f00000| Untracked 
|  58|0x0000000086000000, 0x0000000086000000, 0x0000000086100000|  0%| F|  |TAMS 0x0000000086000000, 0x0000000086000000| Untracked 
|  59|0x0000000086100000, 0x0000000086100000, 0x0000000086200000|  0%| F|  |TAMS 0x0000000086100000, 0x0000000086100000| Untracked 
|  60|0x0000000086200000, 0x0000000086200000, 0x0000000086300000|  0%| F|  |TAMS 0x0000000086200000, 0x0000000086200000| Untracked 
| 125|0x000000008a300000, 0x000000008a300000, 0x000000008a400000|  0%| F|  |TAMS 0x000000008a300000, 0x000000008a300000| Untracked 
|2008|0x00000000ffe00000, 0x00000000fff00000, 0x00000000fff00000|100%| O|  |TAMS 0x00000000fff00000, 0x00000000ffe00000| Untracked 
|2009|0x00000000fff00000, 0x0000000100000000, 0x0000000100000000|100%| O|  |TAMS 0x0000000100000000, 0x00000000fff00000| Untracked 

Card table byte_map: [0x000001c648640000,0x000001c648a30000] _byte_map_base: 0x000001c64822d000

Marking Bits (Prev, Next): (CMBitMap*) 0x000001c63bd1ce10, (CMBitMap*) 0x000001c63bd1ce50
 Prev Bits: [0x000001c648e20000, 0x000001c64ad88000)
 Next Bits: [0x000001c64ad90000, 0x000001c64ccf8000)

Polling page: 0x000001c63bd80000

Metaspace:

Usage:
  Non-class:     37.63 MB used.
      Class:      5.88 MB used.
       Both:     43.51 MB used.

Virtual space:
  Non-class space:       64.00 MB reserved,      37.88 MB ( 59%) committed,  1 nodes.
      Class space:        1.00 GB reserved,       6.12 MB ( <1%) committed,  1 nodes.
             Both:        1.06 GB reserved,      44.00 MB (  4%) committed. 

Chunk freelists:
   Non-Class:  1.94 MB
       Class:  1.92 MB
        Both:  3.86 MB

MaxMetaspaceSize: unlimited
CompressedClassSpaceSize: 1.00 GB
Initial GC threshold: 21.00 MB
Current GC threshold: 59.94 MB
CDS: on
MetaspaceReclaimPolicy: balanced
 - commit_granule_bytes: 65536.
 - commit_granule_words: 8192.
 - virtual_space_node_default_size: 8388608.
 - enlarge_chunks_in_place: 1.
 - new_chunks_are_fully_committed: 0.
 - uncommit_free_chunks: 1.
 - use_allocation_guard: 0.


Internal statistics:

num_allocs_failed_limit: 12.
num_arena_births: 636.
num_arena_deaths: 0.
num_vsnodes_births: 2.
num_vsnodes_deaths: 0.
num_space_committed: 704.
num_space_uncommitted: 0.
num_chunks_returned_to_freelist: 12.
num_chunks_taken_from_freelist: 2219.
num_chunk_merges: 12.
num_chunk_splits: 1573.
num_chunks_enlarged: 1240.
num_inconsistent_stats: 0.

CodeCache: size=49152Kb used=8673Kb max_used=9649Kb free=40479Kb
 bounds [0x000001c644db0000, 0x000001c645720000, 0x000001c647db0000]
 total_blobs=5389 nmethods=4776 adapters=540
 compilation: enabled
              stopped_count=0, restarted_count=0
 full_count=0

Compilation events (20 events):
Event: 82.712 Thread 0x000001c64f305a10 4765       1       org.apache.tomcat.util.buf.MessageBytes::getByteChunk (5 bytes)
Event: 82.712 Thread 0x000001c64f305a10 nmethod 4765 0x000001c644fdaa90 code [0x000001c644fdac20, 0x000001c644fdacf8]
Event: 82.713 Thread 0x000001c64f305a10 4767       1       org.apache.tomcat.util.buf.AbstractChunk::isNull (22 bytes)
Event: 82.714 Thread 0x000001c64f305a10 nmethod 4767 0x000001c644fda790 code [0x000001c644fda920, 0x000001c644fdaa38]
Event: 82.719 Thread 0x000001c64f305a10 4768       1       java.util.zip.ZipInputStream::createZipEntry (9 bytes)
Event: 82.720 Thread 0x000001c64f305a10 nmethod 4768 0x000001c644fda410 code [0x000001c644fda5a0, 0x000001c644fda6e8]
Event: 83.001 Thread 0x000001c64f305a10 4769       1       sun.nio.ch.SocketDispatcher::read (8 bytes)
Event: 83.002 Thread 0x000001c64f305a10 nmethod 4769 0x000001c644fd9d10 code [0x000001c644fd9ea0, 0x000001c644fd9f88]
Event: 83.002 Thread 0x000001c64f305a10 4771       1       org.apache.tomcat.util.buf.AbstractChunk::getStart (5 bytes)
Event: 83.003 Thread 0x000001c64f305a10 nmethod 4771 0x000001c644fd9a10 code [0x000001c644fd9ba0, 0x000001c644fd9c78]
Event: 83.004 Thread 0x000001c64f305a10 4772       1       java.lang.ThreadLocal::setInitialValue (50 bytes)
Event: 83.004 Thread 0x000001c64f305a10 nmethod 4772 0x000001c644fd9390 code [0x000001c644fd9580, 0x000001c644fd9858]
Event: 83.004 Thread 0x000001c64f305a10 4773       1       java.lang.ThreadLocal::get (38 bytes)
Event: 83.004 Thread 0x000001c64f305a10 nmethod 4773 0x000001c644fd8f10 code [0x000001c644fd90c0, 0x000001c644fd9248]
Event: 83.004 Thread 0x000001c64f305a10 4774       1       java.io.BufferedOutputStream::flushBuffer (29 bytes)
Event: 83.004 Thread 0x000001c64f305a10 nmethod 4774 0x000001c644fd8c10 code [0x000001c644fd8da0, 0x000001c644fd8ea8]
Event: 83.006 Thread 0x000001c64f305a10 4775       1       org.springframework.core.OrderComparator::getOrder (111 bytes)
Event: 83.007 Thread 0x000001c64f305a10 nmethod 4775 0x000001c644fd8510 code [0x000001c644fd8700, 0x000001c644fd89d8]
Event: 83.008 Thread 0x000001c64f305a10 4776       1       org.springframework.core.annotation.AnnotationAwareOrderComparator::findOrder (18 bytes)
Event: 83.008 Thread 0x000001c64f305a10 nmethod 4776 0x000001c644fd8010 code [0x000001c644fd81e0, 0x000001c644fd8428]

GC Heap History (20 events):
Event: 1.588 GC heap after
{Heap after GC invocations=1 (full 0):
 garbage-first heap   total 129024K, used 6608K [0x0000000082600000, 0x0000000100000000)
  region size 1024K, 2 young (2048K), 2 survivors (2048K)
 Metaspace       used 5373K, committed 5568K, reserved 1114112K
  class space    used 616K, committed 704K, reserved 1048576K
}
Event: 1.951 GC heap before
{Heap before GC invocations=1 (full 0):
 garbage-first heap   total 129024K, used 12752K [0x0000000082600000, 0x0000000100000000)
  region size 1024K, 9 young (9216K), 2 survivors (2048K)
 Metaspace       used 6619K, committed 6848K, reserved 1114112K
  class space    used 776K, committed 896K, reserved 1048576K
}
Event: 1.955 GC heap after
{Heap after GC invocations=2 (full 0):
 garbage-first heap   total 129024K, used 7383K [0x0000000082600000, 0x0000000100000000)
  region size 1024K, 1 young (1024K), 1 survivors (1024K)
 Metaspace       used 6619K, committed 6848K, reserved 1114112K
  class space    used 776K, committed 896K, reserved 1048576K
}
Event: 2.937 GC heap before
{Heap before GC invocations=2 (full 0):
 garbage-first heap   total 129024K, used 32983K [0x0000000082600000, 0x0000000100000000)
  region size 1024K, 27 young (27648K), 1 survivors (1024K)
 Metaspace       used 12342K, committed 12608K, reserved 1114112K
  class space    used 1579K, committed 1728K, reserved 1048576K
}
Event: 2.941 GC heap after
{Heap after GC invocations=3 (full 0):
 garbage-first heap   total 129024K, used 9073K [0x0000000082600000, 0x0000000100000000)
  region size 1024K, 3 young (3072K), 3 survivors (3072K)
 Metaspace       used 12342K, committed 12608K, reserved 1114112K
  class space    used 1579K, committed 1728K, reserved 1048576K
}
Event: 5.705 GC heap before
{Heap before GC invocations=3 (full 0):
 garbage-first heap   total 129024K, used 70513K [0x0000000082600000, 0x0000000100000000)
  region size 1024K, 65 young (66560K), 3 survivors (3072K)
 Metaspace       used 21149K, committed 21504K, reserved 1114112K
  class space    used 2834K, committed 3008K, reserved 1048576K
}
Event: 5.714 GC heap after
{Heap after GC invocations=4 (full 0):
 garbage-first heap   total 129024K, used 14019K [0x0000000082600000, 0x0000000100000000)
  region size 1024K, 7 young (7168K), 7 survivors (7168K)
 Metaspace       used 21149K, committed 21504K, reserved 1114112K
  class space    used 2834K, committed 3008K, reserved 1048576K
}
Event: 6.927 GC heap before
{Heap before GC invocations=5 (full 0):
 garbage-first heap   total 51200K, used 50883K [0x0000000082600000, 0x0000000100000000)
  region size 1024K, 43 young (44032K), 7 survivors (7168K)
 Metaspace       used 27347K, committed 27776K, reserved 1114112K
  class space    used 3531K, committed 3712K, reserved 1048576K
}
Event: 6.940 GC heap after
{Heap after GC invocations=6 (full 0):
 garbage-first heap   total 62464K, used 17577K [0x0000000082600000, 0x0000000100000000)
  region size 1024K, 9 young (9216K), 9 survivors (9216K)
 Metaspace       used 27347K, committed 27776K, reserved 1114112K
  class space    used 3531K, committed 3712K, reserved 1048576K
}
Event: 6.976 GC heap before
{Heap before GC invocations=6 (full 0):
 garbage-first heap   total 62464K, used 18601K [0x0000000082600000, 0x0000000100000000)
  region size 1024K, 10 young (10240K), 9 survivors (9216K)
 Metaspace       used 27608K, committed 28032K, reserved 1114112K
  class space    used 3557K, committed 3776K, reserved 1048576K
}
Event: 6.983 GC heap after
{Heap after GC invocations=7 (full 0):
 garbage-first heap   total 62464K, used 18492K [0x0000000082600000, 0x0000000100000000)
  region size 1024K, 2 young (2048K), 2 survivors (2048K)
 Metaspace       used 27608K, committed 28032K, reserved 1114112K
  class space    used 3557K, committed 3776K, reserved 1048576K
}
Event: 8.062 GC heap before
{Heap before GC invocations=7 (full 0):
 garbage-first heap   total 62464K, used 43068K [0x0000000082600000, 0x0000000100000000)
  region size 1024K, 27 young (27648K), 2 survivors (2048K)
 Metaspace       used 34986K, committed 35392K, reserved 1114112K
  class space    used 4610K, committed 4800K, reserved 1048576K
}
Event: 8.065 GC heap after
{Heap after GC invocations=8 (full 0):
 garbage-first heap   total 62464K, used 18687K [0x0000000082600000, 0x0000000100000000)
  region size 1024K, 2 young (2048K), 2 survivors (2048K)
 Metaspace       used 34986K, committed 35392K, reserved 1114112K
  class space    used 4610K, committed 4800K, reserved 1048576K
}
Event: 8.176 GC heap before
{Heap before GC invocations=8 (full 0):
 garbage-first heap   total 62464K, used 20735K [0x0000000082600000, 0x0000000100000000)
  region size 1024K, 5 young (5120K), 2 survivors (2048K)
 Metaspace       used 35728K, committed 36096K, reserved 1114112K
  class space    used 4704K, committed 4864K, reserved 1048576K
}
Event: 8.178 GC heap after
{Heap after GC invocations=9 (full 0):
 garbage-first heap   total 62464K, used 18823K [0x0000000082600000, 0x0000000100000000)
  region size 1024K, 2 young (2048K), 2 survivors (2048K)
 Metaspace       used 35728K, committed 36096K, reserved 1114112K
  class space    used 4704K, committed 4864K, reserved 1048576K
}
Event: 8.966 GC heap before
{Heap before GC invocations=10 (full 0):
 garbage-first heap   total 62464K, used 45447K [0x0000000082600000, 0x0000000100000000)
  region size 1024K, 29 young (29696K), 2 survivors (2048K)
 Metaspace       used 40835K, committed 41280K, reserved 1114112K
  class space    used 5564K, committed 5760K, reserved 1048576K
}
Event: 8.974 GC heap after
{Heap after GC invocations=11 (full 0):
 garbage-first heap   total 62464K, used 20422K [0x0000000082600000, 0x0000000100000000)
  region size 1024K, 4 young (4096K), 4 survivors (4096K)
 Metaspace       used 40835K, committed 41280K, reserved 1114112K
  class space    used 5564K, committed 5760K, reserved 1048576K
}
Event: 8.999 GC heap before
{Heap before GC invocations=11 (full 0):
 garbage-first heap   total 62464K, used 21446K [0x0000000082600000, 0x0000000100000000)
  region size 1024K, 5 young (5120K), 4 survivors (4096K)
 Metaspace       used 40948K, committed 41344K, reserved 1114112K
  class space    used 5586K, committed 5760K, reserved 1048576K
}
Event: 9.005 GC heap after
{Heap after GC invocations=12 (full 0):
 garbage-first heap   total 62464K, used 20595K [0x0000000082600000, 0x0000000100000000)
  region size 1024K, 1 young (1024K), 1 survivors (1024K)
 Metaspace       used 40948K, committed 41344K, reserved 1114112K
  class space    used 5586K, committed 5760K, reserved 1048576K
}
Event: 83.019 GC heap before
{Heap before GC invocations=12 (full 0):
 garbage-first heap   total 62464K, used 47219K [0x0000000082600000, 0x0000000100000000)
  region size 1024K, 27 young (27648K), 1 survivors (1024K)
 Metaspace       used 44557K, committed 45056K, reserved 1114112K
  class space    used 6024K, committed 6272K, reserved 1048576K
}

Deoptimization events (16 events):
Event: 0.868 Thread 0x000001c63bcc2740 DEOPT PACKING pc=0x000001c645089775 sp=0x00000084101fced0
Event: 0.868 Thread 0x000001c63bcc2740 DEOPT UNPACKING pc=0x000001c644e02b43 sp=0x00000084101fc340 mode 3
Event: 2.911 Thread 0x000001c653e188d0 DEOPT PACKING pc=0x000001c6452c7799 sp=0x0000008411cfce60
Event: 2.911 Thread 0x000001c653e188d0 DEOPT UNPACKING pc=0x000001c644e02b43 sp=0x0000008411cfc340 mode 3
Event: 5.222 Thread 0x000001c653e188d0 DEOPT PACKING pc=0x000001c6454a0475 sp=0x0000008411cfc920
Event: 5.222 Thread 0x000001c653e188d0 DEOPT UNPACKING pc=0x000001c644e02b43 sp=0x0000008411cfbd90 mode 3
Event: 6.707 Thread 0x000001c653e188d0 DEOPT PACKING pc=0x000001c6455668dd sp=0x0000008411cfc0c0
Event: 6.707 Thread 0x000001c653e188d0 DEOPT UNPACKING pc=0x000001c644e02b43 sp=0x0000008411cfb628 mode 3
Event: 9.264 Thread 0x000001c653e188d0 DEOPT PACKING pc=0x000001c645302b22 sp=0x0000008411cfd900
Event: 9.264 Thread 0x000001c653e188d0 DEOPT UNPACKING pc=0x000001c644e02b43 sp=0x0000008411cfce08 mode 3
Event: 9.265 Thread 0x000001c653e188d0 DEOPT PACKING pc=0x000001c6452e054c sp=0x0000008411cfd8c0
Event: 9.265 Thread 0x000001c653e188d0 DEOPT UNPACKING pc=0x000001c644e02b43 sp=0x0000008411cfce08 mode 3
Event: 9.412 Thread 0x000001c653e188d0 DEOPT PACKING pc=0x000001c6452c9581 sp=0x0000008411cfe0b0
Event: 9.412 Thread 0x000001c653e188d0 DEOPT UNPACKING pc=0x000001c644e02b43 sp=0x0000008411cfd540 mode 3
Event: 9.412 Thread 0x000001c654e59ed0 DEOPT PACKING pc=0x000001c645253117 sp=0x00000084120ff0b0
Event: 9.412 Thread 0x000001c654e59ed0 DEOPT UNPACKING pc=0x000001c644e02b43 sp=0x00000084120fe508 mode 3

Classes loaded (20 events):
Event: 82.304 Loading class java/nio/channels/spi/AbstractSelectionKey done
Event: 82.304 Loading class sun/nio/ch/SelectionKeyImpl done
Event: 82.304 Loading class java/lang/invoke/ConstantBootstraps
Event: 82.307 Loading class java/lang/invoke/ConstantBootstraps done
Event: 82.441 Loading class sun/nio/cs/ThreadLocalCoders
Event: 82.442 Loading class sun/nio/cs/ThreadLocalCoders done
Event: 82.442 Loading class sun/nio/cs/ThreadLocalCoders$1
Event: 82.442 Loading class sun/nio/cs/ThreadLocalCoders$Cache
Event: 82.442 Loading class sun/nio/cs/ThreadLocalCoders$Cache done
Event: 82.442 Loading class sun/nio/cs/ThreadLocalCoders$1 done
Event: 82.443 Loading class sun/nio/cs/ThreadLocalCoders$2
Event: 82.443 Loading class sun/nio/cs/ThreadLocalCoders$2 done
Event: 82.443 Loading class java/io/StringReader
Event: 82.443 Loading class java/io/StringReader done
Event: 82.523 Loading class java/lang/InheritableThreadLocal
Event: 82.524 Loading class java/lang/InheritableThreadLocal done
Event: 82.526 Loading class java/nio/StringCharBuffer
Event: 82.527 Loading class java/nio/StringCharBuffer done
Event: 82.606 Loading class java/text/FieldPosition$Delegate
Event: 82.606 Loading class java/text/FieldPosition$Delegate done

Classes unloaded (0 events):
No events

Classes redefined (0 events):
No events

Internal exceptions (20 events):
Event: 8.830 Thread 0x000001c653e188d0 Exception <a 'java/lang/NoSuchMethodError'{0x0000000084921038}: 'void java.lang.invoke.Invokers$Holder.invokeExact_MT(java.lang.Object, java.lang.Object, java.lang.Object, java.lang.Object)'> (0x0000000084921038) 
thrown [t:\workspace\open\src\hotspot\share\interpreter\linkResolver.cpp, line 766]
Event: 8.877 Thread 0x000001c653e188d0 Exception <a 'java/lang/ClassNotFoundException'{0x00000000848eaca0}: java/lang/ObjectCustomizer> (0x00000000848eaca0) 
thrown [t:\workspace\open\src\hotspot\share\classfile\systemDictionary.cpp, line 255]
Event: 8.878 Thread 0x000001c653e188d0 Exception <a 'java/lang/ClassNotFoundException'{0x00000000848f3730}: org/springframework/web/servlet/config/annotation/WebMvcConfigurationSupportCustomizer> (0x00000000848f3730) 
thrown [t:\workspace\open\src\hotspot\share\classfile\systemDictionary.cpp, line 255]
Event: 8.879 Thread 0x000001c653e188d0 Exception <a 'java/lang/ClassNotFoundException'{0x0000000084708760}: org/springframework/web/servlet/config/annotation/DelegatingWebMvcConfigurationCustomizer> (0x0000000084708760) 
thrown [t:\workspace\open\src\hotspot\share\classfile\systemDictionary.cpp, line 255]
Event: 8.880 Thread 0x000001c653e188d0 Exception <a 'java/lang/ClassNotFoundException'{0x0000000084712a60}: org/springframework/boot/autoconfigure/web/servlet/WebMvcAutoConfiguration$EnableWebMvcConfigurationCustomizer> (0x0000000084712a60) 
thrown [t:\workspace\open\src\hotspot\share\classfile\systemDictionary.cpp, line 255]
Event: 8.881 Thread 0x000001c653e188d0 Exception <a 'java/lang/ClassNotFoundException'{0x0000000084726ca0}: org/springframework/context/ResourceLoaderAwareCustomizer> (0x0000000084726ca0) 
thrown [t:\workspace\open\src\hotspot\share\classfile\systemDictionary.cpp, line 255]
Event: 8.882 Thread 0x000001c653e188d0 Exception <a 'java/lang/ClassNotFoundException'{0x000000008472c648}: org/springframework/beans/factory/AwareCustomizer> (0x000000008472c648) 
thrown [t:\workspace\open\src\hotspot\share\classfile\systemDictionary.cpp, line 255]
Event: 8.883 Thread 0x000001c653e188d0 Exception <a 'java/lang/ClassNotFoundException'{0x00000000847314b8}: org/springframework/context/ApplicationContextAwareCustomizer> (0x00000000847314b8) 
thrown [t:\workspace\open\src\hotspot\share\classfile\systemDictionary.cpp, line 255]
Event: 8.883 Thread 0x000001c653e188d0 Exception <a 'java/lang/ClassNotFoundException'{0x0000000084737940}: org/springframework/beans/factory/AwareCustomizer> (0x0000000084737940) 
thrown [t:\workspace\open\src\hotspot\share\classfile\systemDictionary.cpp, line 255]
Event: 8.884 Thread 0x000001c653e188d0 Exception <a 'java/lang/ClassNotFoundException'{0x000000008473c788}: org/springframework/web/context/ServletContextAwareCustomizer> (0x000000008473c788) 
thrown [t:\workspace\open\src\hotspot\share\classfile\systemDictionary.cpp, line 255]
Event: 8.885 Thread 0x000001c653e188d0 Exception <a 'java/lang/ClassNotFoundException'{0x0000000084742568}: org/springframework/beans/factory/AwareCustomizer> (0x0000000084742568) 
thrown [t:\workspace\open\src\hotspot\share\classfile\systemDictionary.cpp, line 255]
Event: 8.887 Thread 0x000001c653e188d0 Exception <a 'java/lang/NoSuchMethodError'{0x0000000084759180}: 'java.lang.Object java.lang.invoke.DirectMethodHandle$Holder.newInvokeSpecial(java.lang.Object, java.lang.Object, java.lang.Object, java.lang.Object, java.lang.Object, java.lang.Object, java.lang.Object, java.lang.Object)'> (0x0000000084759180) 
thrown [t:\workspace\open\src\hotspot\share\interpreter\linkResolver.cpp, line 766]
Event: 8.887 Thread 0x000001c653e188d0 Exception <a 'java/lang/NoSuchMethodError'{0x000000008475e540}: 'java.lang.Object java.lang.invoke.DirectMethodHandle$Holder.invokeSpecial(java.lang.Object, java.lang.Object, java.lang.Object, java.lang.Object, java.lang.Object, java.lang.Object, java.lang.Object, java.lang.Object, java.lang.Object)'> (0x000000008475e540) 
thrown [t:\workspace\open\src\hotspot\share\interpreter\linkResolver.cpp, line 766]
Event: 9.072 Thread 0x000001c653e188d0 Exception <a 'java/lang/NoSuchMethodError'{0x0000000085f45688}: 'void java.lang.invoke.DirectMethodHandle$Holder.invokeVirtual(java.lang.Object, java.lang.Object, long)'> (0x0000000085f45688) 
thrown [t:\workspace\open\src\hotspot\share\interpreter\linkResolver.cpp, line 766]
Event: 9.218 Thread 0x000001c653e188d0 Exception <a 'java/lang/IncompatibleClassChangeError'{0x000000008574ac20}: Found class java.lang.Object, but interface was expected> (0x000000008574ac20) 
thrown [t:\workspace\open\src\hotspot\share\interpreter\linkResolver.cpp, line 833]
Event: 9.259 Thread 0x000001c653e188d0 Exception <a 'java/lang/NoSuchMethodError'{0x00000000856a51e8}: 'int java.lang.invoke.DirectMethodHandle$Holder.invokeStaticInit(java.lang.Object, java.lang.Object, java.lang.Object, java.lang.Object)'> (0x00000000856a51e8) 
thrown [t:\workspace\open\src\hotspot\share\interpreter\linkResolver.cpp, line 766]
Event: 9.384 Thread 0x000001c653e188d0 Exception <a 'java/lang/NoSuchMethodError'{0x0000000084f750d0}: 'java.lang.Object java.lang.invoke.DirectMethodHandle$Holder.invokeSpecial(java.lang.Object, java.lang.Object, int, java.lang.Object, int, java.lang.Object)'> (0x0000000084f750d0) 
thrown [t:\workspace\open\src\hotspot\share\interpreter\linkResolver.cpp, line 766]
Event: 9.384 Thread 0x000001c653e188d0 Exception <a 'java/lang/NoSuchMethodError'{0x0000000084f7cee8}: 'java.lang.Object java.lang.invoke.DirectMethodHandle$Holder.newInvokeSpecial(java.lang.Object, java.lang.Object, int, java.lang.Object, int)'> (0x0000000084f7cee8) 
thrown [t:\workspace\open\src\hotspot\share\interpreter\linkResolver.cpp, line 766]
Event: 9.384 Thread 0x000001c653e188d0 Exception <a 'java/lang/NoSuchMethodError'{0x0000000084f80ff0}: 'java.lang.Object java.lang.invoke.DirectMethodHandle$Holder.invokeSpecial(java.lang.Object, java.lang.Object, java.lang.Object, int, java.lang.Object, int)'> (0x0000000084f80ff0) 
thrown [t:\workspace\open\src\hotspot\share\interpreter\linkResolver.cpp, line 766]
Event: 9.509 Thread 0x000001c654908bb0 Exception <a 'java/lang/NoSuchMethodError'{0x0000000084c9ef28}: 'java.lang.Object java.lang.invoke.DirectMethodHandle$Holder.invokeInterface(java.lang.Object, java.lang.Object, java.lang.Object, java.lang.Object, java.lang.Object, java.lang.Object, java.lang.Object)'> (0x0000000084c9ef28) 
thrown [t:\workspace\open\src\hotspot\share\interpreter\linkResolver.cpp, line 766]

VM Operations (20 events):
Event: 10.279 Executing VM operation: Cleanup done
Event: 13.322 Executing VM operation: Cleanup
Event: 13.322 Executing VM operation: Cleanup done
Event: 37.572 Executing VM operation: Cleanup
Event: 37.572 Executing VM operation: Cleanup done
Event: 63.785 Executing VM operation: Cleanup
Event: 63.785 Executing VM operation: Cleanup done
Event: 65.808 Executing VM operation: Cleanup
Event: 65.808 Executing VM operation: Cleanup done
Event: 74.893 Executing VM operation: Cleanup
Event: 74.893 Executing VM operation: Cleanup done
Event: 82.458 Executing VM operation: HandshakeAllThreads
Event: 82.458 Executing VM operation: HandshakeAllThreads done
Event: 82.524 Executing VM operation: HandshakeAllThreads
Event: 82.524 Executing VM operation: HandshakeAllThreads done
Event: 82.524 Executing VM operation: Cleanup
Event: 82.524 Executing VM operation: Cleanup done
Event: 82.527 Executing VM operation: HandshakeAllThreads
Event: 82.527 Executing VM operation: HandshakeAllThreads done
Event: 83.019 Executing VM operation: G1CollectForAllocation

Events (20 events):
Event: 9.397 Thread 0x000001c65550e620 Thread added: 0x000001c65550e620
Event: 9.397 Thread 0x000001c65550eaf0 Thread added: 0x000001c65550eaf0
Event: 9.410 Thread 0x000001c65550fe30 Thread added: 0x000001c65550fe30
Event: 9.412 Thread 0x000001c655511640 Thread added: 0x000001c655511640
Event: 9.443 Thread 0x000001c653e188d0 Thread exited: 0x000001c653e188d0
Event: 9.446 Thread 0x000001c653c50bb0 Thread exited: 0x000001c653c50bb0
Event: 9.447 Thread 0x000001c63bcc2740 Thread exited: 0x000001c63bcc2740
Event: 9.447 Thread 0x000001c6555124b0 Thread added: 0x000001c6555124b0
Event: 9.478 Thread 0x000001c6555154d0 Thread added: 0x000001c6555154d0
Event: 9.491 Thread 0x000001c6555154d0 Thread exited: 0x000001c6555154d0
Event: 9.492 Thread 0x000001c655512980 Thread added: 0x000001c655512980
Event: 9.508 Thread 0x000001c65550efc0 Thread added: 0x000001c65550efc0
Event: 9.510 Thread 0x000001c655511b10 Thread added: 0x000001c655511b10
Event: 9.515 Thread 0x000001c655512980 Thread exited: 0x000001c655512980
Event: 9.526 Thread 0x000001c65550f490 Thread added: 0x000001c65550f490
Event: 9.539 Thread 0x000001c65550f490 Thread exited: 0x000001c65550f490
Event: 9.554 Thread 0x000001c655511b10 Thread exited: 0x000001c655511b10
Event: 11.421 Thread 0x000001c64f38e5c0 Thread exited: 0x000001c64f38e5c0
Event: 11.770 Thread 0x000001c654e5bbb0 Thread exited: 0x000001c654e5bbb0
Event: 15.090 Thread 0x000001c64f2b0910 Thread exited: 0x000001c64f2b0910


Dynamic libraries:
0x00007ff783c40000 - 0x00007ff783c4e000 	C:\Users\DELL\.jdks\openjdk-18\bin\java.exe
0x00007fffee7f0000 - 0x00007fffee9e5000 	C:\Windows\SYSTEM32\ntdll.dll
0x00007fffee680000 - 0x00007fffee73d000 	C:\Windows\System32\KERNEL32.DLL
0x00007fffec240000 - 0x00007fffec50d000 	C:\Windows\System32\KERNELBASE.dll
0x00007fffec010000 - 0x00007fffec110000 	C:\Windows\System32\ucrtbase.dll
0x00007fff93f70000 - 0x00007fff93f87000 	C:\Users\DELL\.jdks\openjdk-18\bin\jli.dll
0x00007fff911a0000 - 0x00007fff911ba000 	C:\Users\DELL\.jdks\openjdk-18\bin\VCRUNTIME140.dll
0x00007fffec840000 - 0x00007fffec9e0000 	C:\Windows\System32\USER32.dll
0x00007fffec110000 - 0x00007fffec132000 	C:\Windows\System32\win32u.dll
0x00007fffee5f0000 - 0x00007fffee61a000 	C:\Windows\System32\GDI32.dll
0x00007fffebf00000 - 0x00007fffec00b000 	C:\Windows\System32\gdi32full.dll
0x00007fffd7c00000 - 0x00007fffd7e9a000 	C:\Windows\WinSxS\amd64_microsoft.windows.common-controls_6595b64144ccf1df_6.0.19041.1110_none_60b5254171f9507e\COMCTL32.dll
0x00007fffec710000 - 0x00007fffec7ad000 	C:\Windows\System32\msvcp_win.dll
0x00007fffede80000 - 0x00007fffedf1e000 	C:\Windows\System32\msvcrt.dll
0x00007fffed710000 - 0x00007fffed740000 	C:\Windows\System32\IMM32.DLL
0x00007fffb2fb0000 - 0x00007fffb2fbc000 	C:\Users\DELL\.jdks\openjdk-18\bin\vcruntime140_1.dll
0x00007fff78c80000 - 0x00007fff78d0d000 	C:\Users\DELL\.jdks\openjdk-18\bin\msvcp140.dll
0x00007fff4fba0000 - 0x00007fff507b1000 	C:\Users\DELL\.jdks\openjdk-18\bin\server\jvm.dll
0x00007fffed5b0000 - 0x00007fffed65e000 	C:\Windows\System32\ADVAPI32.dll
0x00007fffed1f0000 - 0x00007fffed28c000 	C:\Windows\System32\sechost.dll
0x00007fffed740000 - 0x00007fffed865000 	C:\Windows\System32\RPCRT4.dll
0x00007fffee0c0000 - 0x00007fffee0c8000 	C:\Windows\System32\PSAPI.DLL
0x00007fffe7390000 - 0x00007fffe7399000 	C:\Windows\SYSTEM32\WSOCK32.dll
0x00007fffee740000 - 0x00007fffee7ab000 	C:\Windows\System32\WS2_32.dll
0x00007fffd4970000 - 0x00007fffd4997000 	C:\Windows\SYSTEM32\WINMM.dll
0x00007fffe38d0000 - 0x00007fffe38da000 	C:\Windows\SYSTEM32\VERSION.dll
0x00007fffea750000 - 0x00007fffea762000 	C:\Windows\SYSTEM32\kernel.appcore.dll
0x00007fffa3e00000 - 0x00007fffa3e0a000 	C:\Users\DELL\.jdks\openjdk-18\bin\jimage.dll
0x00007fffe77e0000 - 0x00007fffe79c4000 	C:\Windows\SYSTEM32\DBGHELP.DLL
0x00007fffd02f0000 - 0x00007fffd031c000 	C:\Windows\SYSTEM32\dbgcore.DLL
0x00007fffec7b0000 - 0x00007fffec832000 	C:\Windows\System32\bcryptPrimitives.dll
0x00007fff97c50000 - 0x00007fff97c5e000 	C:\Users\DELL\.jdks\openjdk-18\bin\instrument.dll
0x00007fff81980000 - 0x00007fff819a5000 	C:\Users\DELL\.jdks\openjdk-18\bin\java.dll
0x00007fff78ba0000 - 0x00007fff78c76000 	C:\Users\DELL\.jdks\openjdk-18\bin\jsvml.dll
0x00007fffec9e0000 - 0x00007fffed124000 	C:\Windows\System32\SHELL32.dll
0x00007fffe9fa0000 - 0x00007fffea734000 	C:\Windows\SYSTEM32\windows.storage.dll
0x00007fffedb20000 - 0x00007fffede74000 	C:\Windows\System32\combase.dll
0x00007fffeb7b0000 - 0x00007fffeb7dc000 	C:\Windows\SYSTEM32\Wldp.dll
0x00007fffed660000 - 0x00007fffed70d000 	C:\Windows\System32\SHCORE.dll
0x00007fffed870000 - 0x00007fffed8c5000 	C:\Windows\System32\shlwapi.dll
0x00007fffebe40000 - 0x00007fffebe5f000 	C:\Windows\SYSTEM32\profapi.dll
0x00007fff7bc00000 - 0x00007fff7bc18000 	C:\Users\DELL\.jdks\openjdk-18\bin\zip.dll
0x00007fff91180000 - 0x00007fff91193000 	C:\Users\DELL\.jdks\openjdk-18\bin\net.dll
0x00007fffe2d60000 - 0x00007fffe2e6a000 	C:\Windows\SYSTEM32\WINHTTP.dll
0x00007fffeb590000 - 0x00007fffeb5fa000 	C:\Windows\system32\mswsock.dll
0x00007fff90880000 - 0x00007fff90896000 	C:\Users\DELL\.jdks\openjdk-18\bin\nio.dll
0x00007fff977c0000 - 0x00007fff977da000 	C:\Program Files\JetBrains\IntelliJ IDEA 2021.3.3\bin\breakgen64.dll
0x00007fffeb2e0000 - 0x00007fffeb3ab000 	C:\Windows\SYSTEM32\DNSAPI.dll
0x00007fffeb2a0000 - 0x00007fffeb2db000 	C:\Windows\SYSTEM32\IPHLPAPI.DLL
0x00007fffee160000 - 0x00007fffee168000 	C:\Windows\System32\NSI.dll
0x00007fffd7fc0000 - 0x00007fffd7fca000 	C:\Windows\System32\rasadhlp.dll
0x00007fffd8070000 - 0x00007fffd80f0000 	C:\Windows\System32\fwpuclnt.dll
0x00007fffec670000 - 0x00007fffec697000 	C:\Windows\System32\bcrypt.dll
0x00007fff932d0000 - 0x00007fff932d9000 	C:\Users\DELL\.jdks\openjdk-18\bin\management.dll
0x00007fff932c0000 - 0x00007fff932cb000 	C:\Users\DELL\.jdks\openjdk-18\bin\management_ext.dll
0x00007fffeb7f0000 - 0x00007fffeb808000 	C:\Windows\SYSTEM32\CRYPTSP.dll
0x00007fffeaf30000 - 0x00007fffeaf64000 	C:\Windows\system32\rsaenh.dll
0x00007fffebe00000 - 0x00007fffebe2e000 	C:\Windows\SYSTEM32\USERENV.dll
0x00007fffeb720000 - 0x00007fffeb72c000 	C:\Windows\SYSTEM32\CRYPTBASE.dll
0x00007fffe38e0000 - 0x00007fffe38f7000 	C:\Windows\SYSTEM32\dhcpcsvc6.DLL
0x00007fffe2c70000 - 0x00007fffe2c8d000 	C:\Windows\SYSTEM32\dhcpcsvc.DLL
0x00007fffb2f40000 - 0x00007fffb2f57000 	C:\Windows\system32\napinsp.dll
0x00007fffb2360000 - 0x00007fffb237b000 	C:\Windows\system32\pnrpnsp.dll
0x00007fffe6da0000 - 0x00007fffe6db5000 	C:\Windows\system32\wshbth.dll
0x00007fffe7370000 - 0x00007fffe738d000 	C:\Windows\system32\NLAapi.dll
0x00007fffb0870000 - 0x00007fffb0882000 	C:\Windows\System32\winrnr.dll
0x00007fff795b0000 - 0x00007fff795be000 	C:\Users\DELL\.jdks\openjdk-18\bin\sunmscapi.dll
0x00007fffec510000 - 0x00007fffec666000 	C:\Windows\System32\CRYPT32.dll
0x00007fffeb900000 - 0x00007fffeb927000 	C:\Windows\SYSTEM32\ncrypt.dll
0x00007fffeb8c0000 - 0x00007fffeb8fb000 	C:\Windows\SYSTEM32\NTASN1.dll

dbghelp: loaded successfully - version: 4.0.5 - missing functions: none
symbol engine: initialized successfully - sym options: 0x614 - pdb path: .;C:\Users\DELL\.jdks\openjdk-18\bin;C:\Windows\SYSTEM32;C:\Windows\WinSxS\amd64_microsoft.windows.common-controls_6595b64144ccf1df_6.0.19041.1110_none_60b5254171f9507e;C:\Users\DELL\.jdks\openjdk-18\bin\server;C:\Program Files\JetBrains\IntelliJ IDEA 2021.3.3\bin

VM Arguments:
jvm_args: -XX:TieredStopAtLevel=1 -Xverify:none -Dspring.output.ansi.enabled=always -Dcom.sun.management.jmxremote -Dspring.jmx.enabled=true -Dspring.liveBeansView.mbeanDomain -Dspring.application.admin.enabled=true -javaagent:C:\Program Files\JetBrains\IntelliJ IDEA 2021.3.3\lib\idea_rt.jar=53593:C:\Program Files\JetBrains\IntelliJ IDEA 2021.3.3\bin -Dfile.encoding=UTF-8 
java_command: org.sid.ebankingbackend.EbankingBackendApplication
java_class_path (initial): C:\Users\DELL\IdeaProjects\ebanking-backend\target\classes;C:\Users\DELL\.m2\repository\org\springframework\boot\spring-boot-starter-data-jpa\2.6.7\spring-boot-starter-data-jpa-2.6.7.jar;C:\Users\DELL\.m2\repository\org\springframework\boot\spring-boot-starter-aop\2.6.7\spring-boot-starter-aop-2.6.7.jar;C:\Users\DELL\.m2\repository\org\springframework\spring-aop\5.3.19\spring-aop-5.3.19.jar;C:\Users\DELL\.m2\repository\org\aspectj\aspectjweaver\1.9.7\aspectjweaver-1.9.7.jar;C:\Users\DELL\.m2\repository\org\springframework\boot\spring-boot-starter-jdbc\2.6.7\spring-boot-starter-jdbc-2.6.7.jar;C:\Users\DELL\.m2\repository\com\zaxxer\HikariCP\4.0.3\HikariCP-4.0.3.jar;C:\Users\DELL\.m2\repository\org\springframework\spring-jdbc\5.3.19\spring-jdbc-5.3.19.jar;C:\Users\DELL\.m2\repository\jakarta\transaction\jakarta.transaction-api\1.3.3\jakarta.transaction-api-1.3.3.jar;C:\Users\DELL\.m2\repository\jakarta\persistence\jakarta.persistence-api\2.2.3\jakarta.persistence-api-2.2.3.jar;C:\Users\DELL\.m2\repository\org\hibernate\hibernate-core\5.6.8.Final\hibernate-core-5.6.8.Final.jar;C:\Users\DELL\.m2\repository\org\jboss\logging\jboss-logging\3.4.3.Final\jboss-logging-3.4.3.Final.jar;C:\Users\DELL\.m2\repository\net\bytebuddy\byte-buddy\1.11.22\byte-buddy-1.11.22.jar;C:\Users\DELL\.m2\repository\antlr\antlr\2.7.7\antlr-2.7.7.jar;C:\Users\DELL\.m2\repository\org\jboss\jandex\2.4.2.Final\jandex-2.4.2.Final.jar;C:\Users\DELL\.m2\repository\com\fasterxml\classmate\1.5.1\classmate-1.5.1.jar;C:\Users\DELL\.m2\repository\org\hibernate\common\hibernate-commons-annotations\5.1.2.Final\hibernate-commons-annotations-5.1.2.Final.jar;C:\Users\DELL\.m2\repository\org\glassfish\jaxb\jaxb-runtime\2.3.6\jaxb-runtime-2.3.6.jar;C:\Users\DELL\.m2\repository\org\glassfish\jaxb\txw2\2.3.6\txw2-2.3.6.jar;C:\Users\DELL\.m2\repository\com\sun\istack\istack-commons-runtime\3.0.12\istack-commons-runtime-3.0.12.jar;C:\Users\DELL\.m2\repository\com\sun\activation\jakarta.activation\1.2.2\jakarta.activation-1.2.2.jar;C:\Users\DELL\.m2\repository\org\springframework\data\spring-data-jpa\2.6.4\spring-data-jpa-2.6.4.jar;C:\Users\DELL\.m2\repository\org\springframework\data\spring-data-commons\2.6.4\spring-data-commons-2.6.4.jar;C:\Users\DELL\.m2\repository\org\springframework\spring-orm\5.3.19\spring-orm-5.3.19.jar;C:\Users\DELL\.m2\repository\org\springframework\spring-context\5.3.19\spring-context-5.3.19.jar;C:\Users\DELL\.m2\repository\org\springframework\spring-tx\5.3.19\spring-tx-5.3.19.jar;C:\Users\DELL\.m2\repository\org\springframework\spring-beans\5.3.19\spring-beans-5.3.19.jar;C:\Users\DELL\.m2\repository\org\slf4j\slf4j-api\1.7.36\slf4j-api-1.7.36.jar;C:\Users\DELL\.m2\repository\org\springframework\spring-aspects\5.3.19\spring-aspects-5.3.19.jar;C:\Users\DELL\.m2\repository\org\springframework\boot\spring-boot-starter-web\2.6.7\spring-boot-starter-web-2.6.7.jar;C:\Users\DELL\.m2\repository\org\springframework\boot\spring-boot-starter\2.6.7\spring-boot-starter-2.6.7.jar;C:\Users\DELL\.m2\repository\org\springframework\boot\spring-boot-starter-logging\2.6.7\spring-boot-starter-logging-2.6.7.jar;C:\Users\DELL\.m2\repository\ch\qos\logback\logback-classic\1.2.11\logback-classic-1.2.11.jar;C:\Users\DELL\.m2\repository\ch\qos\logback\logback-core\1.2.11\logback-core-1.2.11.jar;C:\Users\DELL\.m2\repository\org\apache\logging\log4j\log4j-to-slf4j\2.17.2\log4j-to-slf4j-2.17.2.jar;C:\Users\DELL\.m2\repository\org\apache\logging\log4j\log4j-api\2.17.2\log4j-api-2.17.2.jar;C:\Users\DELL\.m2\repository\org\slf4j\jul-to-slf4j\1.7.36\jul-to-slf4j-1.7.36.jar;C:\Users\DELL\.m2\repository\jakarta\annotation\jakarta.annotation-api\1.3.5\jakarta.annotation-api-1.3.5.jar;C:\Users\DELL\.m2\repository\org\yaml\snakeyaml\1.29\snakeyaml-1.29.jar;C:\Users\DELL\.m2\repository\org\springframework\boot\spring-boot-starter-json\2.6.7\spring-boot-starter-json-2.6.7.jar;C:\Users\DELL\.m2\repository\com\fasterxml\jackson\core\jackson-databind\2.13.2.1\jackson-databind-2.13.2.1.jar;C:\Users\DELL\.m2\repository\com\fasterxml\jackson\core\jackson-annotations\2.13.2\jackson-annotations-2.13.2.jar;C:\Users\DELL\.m2\repository\com\fasterxml\jackson\core\jackson-core\2.13.2\jackson-core-2.13.2.jar;C:\Users\DELL\.m2\repository\com\fasterxml\jackson\datatype\jackson-datatype-jdk8\2.13.2\jackson-datatype-jdk8-2.13.2.jar;C:\Users\DELL\.m2\repository\com\fasterxml\jackson\datatype\jackson-datatype-jsr310\2.13.2\jackson-datatype-jsr310-2.13.2.jar;C:\Users\DELL\.m2\repository\com\fasterxml\jackson\module\jackson-module-parameter-names\2.13.2\jackson-module-parameter-names-2.13.2.jar;C:\Users\DELL\.m2\repository\org\springframework\boot\spring-boot-starter-tomcat\2.6.7\spring-boot-starter-tomcat-2.6.7.jar;C:\Users\DELL\.m2\repository\org\apache\tomcat\embed\tomcat-embed-core\9.0.62\tomcat-embed-core-9.0.62.jar;C:\Users\DELL\.m2\repository\org\apache\tomcat\embed\tomcat-embed-el\9.0.62\tomcat-embed-el-9.0.62.jar;C:\Users\DELL\.m2\repository\org\apache\tomcat\embed\tomcat-embed-websocket\9.0.62\tomcat-embed-websocket-9.0.62.jar;C:\Users\DELL\.m2\repository\org\springframework\spring-web\5.3.19\spring-web-5.3.19.jar;C:\Users\DELL\.m2\repository\org\springframework\spring-webmvc\5.3.19\spring-webmvc-5.3.19.jar;C:\Users\DELL\.m2\repository\org\springframework\spring-expression\5.3.19\spring-expression-5.3.19.jar;C:\Users\DELL\.m2\repository\org\springframework\boot\spring-boot-devtools\2.6.7\spring-boot-devtools-2.6.7.jar;C:\Users\DELL\.m2\repository\org\springframework\boot\spring-boot\2.6.7\spring-boot-2.6.7.jar;C:\Users\DELL\.m2\repository\org\springframework\boot\spring-boot-autoconfigure\2.6.7\spring-boot-autoconfigure-2.6.7.jar;C:\Users\DELL\.m2\repository\com\h2database\h2\1.4.200\h2-1.4.200.jar;C:\Users\DELL\.m2\repository\org\projectlombok\lombok\1.18.24\lombok-1.18.24.jar;C:\Users\DELL\.m2\repository\jakarta\xml\bind\jakarta.xml.bind-api\2.3.3\jakarta.xml.bind-api-2.3.3.jar;C:\Users\DELL\.m2\repository\jakarta\activation\jakarta.activation-api\1.2.2\jakarta.activation-api-1.2.2.jar;C:\Users\DELL\.m2\repository\org\springframework\spring-core\5.3.19\spring-core-5.3.19.jar;C:\Users\DELL\.m2\repository\org\springframework\spring-jcl\5.3.19\spring-jcl-5.3.19.jar
Launcher Type: SUN_STANDARD

[Global flags]
     intx CICompilerCount                          = 3                                         {product} {ergonomic}
     uint ConcGCThreads                            = 1                                         {product} {ergonomic}
     uint G1ConcRefinementThreads                  = 4                                         {product} {ergonomic}
   size_t G1HeapRegionSize                         = 1048576                                   {product} {ergonomic}
    uintx GCDrainStackTargetSize                   = 64                                        {product} {ergonomic}
   size_t InitialHeapSize                          = 132120576                                 {product} {ergonomic}
     bool ManagementServer                         = true                                      {product} {command line}
   size_t MarkStackSize                            = 4194304                                   {product} {ergonomic}
   size_t MaxHeapSize                              = 2107637760                                {product} {ergonomic}
   size_t MaxNewSize                               = 1264582656                                {product} {ergonomic}
   size_t MinHeapDeltaBytes                        = 1048576                                   {product} {ergonomic}
   size_t MinHeapSize                              = 8388608                                   {product} {ergonomic}
    uintx NonProfiledCodeHeapSize                  = 0                                      {pd product} {ergonomic}
     bool ProfileInterpreter                       = false                                  {pd product} {command line}
    uintx ProfiledCodeHeapSize                     = 0                                      {pd product} {ergonomic}
   size_t SoftMaxHeapSize                          = 2107637760                             {manageable} {ergonomic}
     intx TieredStopAtLevel                        = 1                                         {product} {command line}
     bool UseCompressedClassPointers               = true                           {product lp64_product} {ergonomic}
     bool UseCompressedOops                        = true                           {product lp64_product} {ergonomic}
     bool UseG1GC                                  = true                                      {product} {ergonomic}
     bool UseLargePagesIndividualAllocation        = false                                  {pd product} {ergonomic}

Logging:
Log output configuration:
 #0: stdout all=warning uptime,level,tags foldmultilines=false
 #1: stderr all=off uptime,level,tags foldmultilines=false

Environment Variables:
PATH=C:\app\DELL\product\11.2.0\dbhome_1\bin;C:\Python310\Scripts\;C:\Python310\;C:\Program Files\Microsoft MPI\Bin\;C:\Windows\system32;C:\Windows;C:\Windows\System32\Wbem;C:\Windows\System32\WindowsPowerShell\v1.0\;C:\Windows\System32\OpenSSH\;C:\Program Files (x86)\Microsoft SQL Server\150\DTS\Binn\;C:\Program Files\Azure Data Studio\bin;C:\ProgramData\chocolatey\bin;C:\Program Files\dotnet\;C:\Program Files\Microsoft SQL Server\130\Tools\Binn\;C:\Program Files (x86)\Microsoft SQL Server\110\DTS\Binn\;C:\Program Files (x86)\Microsoft SQL Server\120\DTS\Binn\;C:\Program Files (x86)\Microsoft SQL Server\130\DTS\Binn\;C:\Program Files (x86)\Microsoft SQL Server\140\DTS\Binn\;C:\Program Files\nodejs\;C:\Program Files\Microsoft SQL Server\Client SDK\ODBC\170\Tools\Binn\;C:\Program Files (x86)\Microsoft SQL Server\150\Tools\Binn\;C:\Program Files\Microsoft SQL Server\150\Tools\Binn\;C:\Program Files\Microsoft SQL Server\150\DTS\Binn\;C:\Program Files\Git\cmd;C:\Program Files (x86)\dotnet\;C:\Program Files\Docker\Docker\resources\bin;C:\ProgramData\DockerDesktop\version-bin;C:\Program Files\MySQL\MySQL Shell 8.0\bin\;C:\Users\DELL\AppData\Local\Microsoft\WindowsApps;;C:\Program Files\JetBrains\IntelliJ IDEA 2021.3.3\bin;;C:\Program Files\Azure Data Studio\bin;C:\Users\DELL\.dotnet\tools;C:\Users\DELL\AppData\Local\Programs\Microsoft VS Code\bin;C:\Users\DELL\AppData\Roaming\npm
USERNAME=DELL
OS=Windows_NT
PROCESSOR_IDENTIFIER=Intel64 Family 6 Model 142 Stepping 9, GenuineIntel



---------------  S Y S T E M  ---------------

OS:
 Windows 10 , 64 bit Build 19041 (10.0.19041.1706)
OS uptime: 0 days 6:11 hours
Hyper-V role detected

CPU: total 4 (initial active 4) (2 cores per cpu, 2 threads per core) family 6 model 142 stepping 9 microcode 0xca, cx8, cmov, fxsr, ht, mmx, 3dnowpref, sse, sse2, sse3, ssse3, sse4.1, sse4.2, popcnt, lzcnt, tsc, tscinvbit, avx, avx2, aes, erms, clmul, bmi1, bmi2, rtm, adx, fma, vzeroupper, clflush, clflushopt, hv

Memory: 4k page, system-wide physical 8038M (690M free)
TotalPageFile size 15977M (AvailPageFile size 79M)
current process WorkingSet (physical memory assigned to process): 171M, peak: 171M
current process commit charge ("private bytes"): 207M, peak: 265M

vm_info: OpenJDK 64-Bit Server VM (18+36-2087) for windows-amd64 JRE (18+36-2087), built on Feb 15 2022 09:37:35 by "mach5one" with MS VC++ 16.8 / 16.9 (VS2019)

END.
